<?xml version="1.0" encoding="UTF-8"?>
<!-- Generated by org.testng.reporters.JUnitXMLReporter -->
<testsuite ignored="0" hostname="DESKTOP-657R7NR" failures="0" tests="1" name="Functional Testing1" time="0.147" errors="0" timestamp="2021-06-22T14:10:55 IST">
  <testcase classname="com.qa.testscript.TestBase" name="@BeforeClass setUp" time="-1.624351255606E9">
    <failure type="org.testng.TestNGException" message="
Parameter &amp;apos;Url&amp;apos; is required by BeforeClass on method setUp but has not been marked @Optional or defined
in C:\Users\gopi\eclipse-workspace\FacebookProject\testng.xml">
      <![CDATA[org.testng.TestNGException: 
Parameter 'Url' is required by BeforeClass on method setUp but has not been marked @Optional or defined
in C:\Users\gopi\eclipse-workspace\FacebookProject\testng.xml
at java.base/java.util.ArrayList.forEach(ArrayList.java:1511)
... Removed 22 stack frames]]>
    </failure>
  </testcase> <!-- @BeforeClass setUp -->
  <testcase classname="com.qa.testscript.TestBase" name="@AfterClass tearDown" time="-1.624351255707E9">
    <skipped/>
  </testcase> <!-- @AfterClass tearDown -->
  <testcase classname="com.qa.testscript.TC_login_01" name="check" time="0.0">
    <skipped/>
  </testcase> <!-- check -->
</testsuite> <!-- Functional Testing1 -->
